TN:
SF:F:\Siddhartha\slack-automation\slack-erp-custom-integration-mvc\Slack.Automation\Promact.Erp.Web\app\ScrumReport\scrumProject-Details\scrumProject-Details.component.spec.js
FN:2,(anonymous_1)
FN:4,__
FN:20,(anonymous_3)
FN:22,(anonymous_4)
FN:23,MockLoaderService
FN:27,(anonymous_6)
FN:28,MockMd2Select
FN:32,(anonymous_8)
FN:34,MockActivatedRoute
FN:41,(anonymous_10)
FN:54,(anonymous_11)
FN:54,(anonymous_12)
FN:55,(anonymous_13)
FNF:13
FNH:8
FNDA:1,(anonymous_1)
FNDA:1,__
FNDA:1,(anonymous_3)
FNDA:1,(anonymous_4)
FNDA:0,MockLoaderService
FNDA:1,(anonymous_6)
FNDA:0,MockMd2Select
FNDA:1,(anonymous_8)
FNDA:0,MockActivatedRoute
FNDA:1,(anonymous_10)
FNDA:1,(anonymous_11)
FNDA:0,(anonymous_12)
FNDA:0,(anonymous_13)
DA:2,1
DA:3,1
DA:4,1
DA:5,1
DA:7,1
DA:8,1
DA:9,1
DA:10,1
DA:11,1
DA:12,1
DA:13,1
DA:14,1
DA:15,1
DA:16,1
DA:17,1
DA:18,1
DA:19,1
DA:20,1
DA:21,1
DA:22,1
DA:23,1
DA:25,1
DA:27,1
DA:28,1
DA:30,1
DA:32,1
DA:33,1
DA:34,1
DA:35,0
DA:36,0
DA:37,0
DA:39,1
DA:41,1
DA:42,1
DA:54,1
DA:55,0
DA:56,0
DA:57,0
DA:58,0
DA:59,0
DA:60,0
LF:41
LH:32
BRDA:2,1,0,1
BRDA:2,1,1,1
BRDA:2,1,2,1
BRDA:3,2,0,0
BRDA:3,2,1,0
BRDA:5,3,0,0
BRDA:5,3,1,1
BRDA:35,4,0,0
BRDA:35,4,1,0
BRF:9
BRH:4
end_of_record
TN:
SF:F:\Siddhartha\slack-automation\slack-erp-custom-integration-mvc\Slack.Automation\Promact.Erp.Web\app\ScrumReport\scrumProject-List\scrumProject-List.component.spec.js
FN:14,(anonymous_1)
FN:15,(anonymous_2)
FN:16,MockLoaderService
FN:20,(anonymous_4)
FN:21,MockRouter
FN:25,(anonymous_6)
FN:26,MockMd2Select
FN:31,(anonymous_8)
FN:44,(anonymous_9)
FN:44,(anonymous_10)
FN:45,(anonymous_11)
FNF:11
FNH:6
FNDA:1,(anonymous_1)
FNDA:1,(anonymous_2)
FNDA:0,MockLoaderService
FNDA:1,(anonymous_4)
FNDA:0,MockRouter
FNDA:1,(anonymous_6)
FNDA:0,MockMd2Select
FNDA:1,(anonymous_8)
FNDA:1,(anonymous_9)
FNDA:0,(anonymous_10)
FNDA:0,(anonymous_11)
DA:2,1
DA:3,1
DA:4,1
DA:5,1
DA:6,1
DA:7,1
DA:8,1
DA:9,1
DA:10,1
DA:11,1
DA:12,1
DA:13,1
DA:14,1
DA:15,1
DA:16,1
DA:18,1
DA:20,1
DA:21,1
DA:23,1
DA:25,1
DA:26,1
DA:28,1
DA:30,1
DA:31,1
DA:32,1
DA:44,1
DA:45,0
DA:46,0
DA:47,0
DA:48,0
DA:49,0
DA:50,0
LF:32
LH:26
BRF:0
BRH:0
end_of_record
TN:
SF:F:\Siddhartha\slack-automation\slack-erp-custom-integration-mvc\Slack.Automation\Promact.Erp.Web\app\leaveReport\leaveReport-Details\leaveReport-Details.component.spec.js
FN:2,(anonymous_1)
FN:4,__
FN:20,(anonymous_3)
FN:22,(anonymous_4)
FN:23,MockLoaderService
FN:27,(anonymous_6)
FN:28,MockMd2Select
FN:32,(anonymous_8)
FN:34,MockActivatedRoute
FN:42,(anonymous_10)
FN:56,(anonymous_11)
FN:56,(anonymous_12)
FN:57,(anonymous_13)
FNF:13
FNH:8
FNDA:1,(anonymous_1)
FNDA:1,__
FNDA:1,(anonymous_3)
FNDA:1,(anonymous_4)
FNDA:0,MockLoaderService
FNDA:1,(anonymous_6)
FNDA:0,MockMd2Select
FNDA:1,(anonymous_8)
FNDA:0,MockActivatedRoute
FNDA:1,(anonymous_10)
FNDA:1,(anonymous_11)
FNDA:0,(anonymous_12)
FNDA:0,(anonymous_13)
DA:2,1
DA:3,1
DA:4,1
DA:5,1
DA:7,1
DA:8,1
DA:9,1
DA:10,1
DA:11,1
DA:12,1
DA:13,1
DA:14,1
DA:15,1
DA:16,1
DA:17,1
DA:18,1
DA:19,1
DA:20,1
DA:21,1
DA:22,1
DA:23,1
DA:25,1
DA:27,1
DA:28,1
DA:30,1
DA:32,1
DA:33,1
DA:34,1
DA:35,0
DA:36,0
DA:37,0
DA:39,1
DA:42,1
DA:43,1
DA:56,1
DA:57,0
DA:58,0
DA:59,0
DA:60,0
DA:61,0
DA:62,0
LF:41
LH:32
BRDA:2,1,0,1
BRDA:2,1,1,1
BRDA:2,1,2,1
BRDA:3,2,0,0
BRDA:3,2,1,0
BRDA:5,3,0,0
BRDA:5,3,1,1
BRDA:35,4,0,0
BRDA:35,4,1,0
BRF:9
BRH:4
end_of_record
TN:
SF:F:\Siddhartha\slack-automation\slack-erp-custom-integration-mvc\Slack.Automation\Promact.Erp.Web\app\leaveReport\leaveReport-List\leaveReport-List.component.spec.js
FN:14,(anonymous_1)
FN:15,(anonymous_2)
FN:16,MockRouter
FN:20,(anonymous_4)
FN:21,MockLoaderService
FN:25,(anonymous_6)
FN:26,MockMd2Select
FN:31,(anonymous_8)
FN:45,(anonymous_9)
FN:45,(anonymous_10)
FN:46,(anonymous_11)
FN:54,(anonymous_12)
FN:54,(anonymous_13)
FN:55,(anonymous_14)
FNF:14
FNH:7
FNDA:1,(anonymous_1)
FNDA:1,(anonymous_2)
FNDA:0,MockRouter
FNDA:1,(anonymous_4)
FNDA:0,MockLoaderService
FNDA:1,(anonymous_6)
FNDA:0,MockMd2Select
FNDA:2,(anonymous_8)
FNDA:1,(anonymous_9)
FNDA:0,(anonymous_10)
FNDA:0,(anonymous_11)
FNDA:1,(anonymous_12)
FNDA:0,(anonymous_13)
FNDA:0,(anonymous_14)
DA:2,1
DA:3,1
DA:4,1
DA:5,1
DA:6,1
DA:7,1
DA:8,1
DA:9,1
DA:10,1
DA:11,1
DA:12,1
DA:13,1
DA:14,1
DA:15,1
DA:16,1
DA:18,1
DA:20,1
DA:21,1
DA:23,1
DA:25,1
DA:26,1
DA:28,1
DA:30,1
DA:31,1
DA:32,2
DA:45,1
DA:46,0
DA:47,0
DA:48,0
DA:49,0
DA:50,0
DA:51,0
DA:54,1
DA:55,0
DA:56,0
DA:57,0
DA:58,0
DA:59,0
DA:60,0
LF:39
LH:27
BRF:0
BRH:0
end_of_record
TN:
SF:F:\Siddhartha\slack-automation\slack-erp-custom-integration-mvc\Slack.Automation\Promact.Erp.Web\app\taskmail\taskmail-details\taskmail-details.component.spec.js
FN:18,(anonymous_1)
FN:20,(anonymous_2)
FN:21,MockMd2Select
FN:25,(anonymous_4)
FN:41,(anonymous_5)
FN:46,(anonymous_6)
FN:54,(anonymous_7)
FN:60,(anonymous_8)
FN:66,(anonymous_9)
FNF:9
FNH:8
FNDA:1,(anonymous_1)
FNDA:1,(anonymous_2)
FNDA:0,MockMd2Select
FNDA:5,(anonymous_4)
FNDA:1,(anonymous_5)
FNDA:1,(anonymous_6)
FNDA:1,(anonymous_7)
FNDA:1,(anonymous_8)
FNDA:1,(anonymous_9)
DA:2,1
DA:3,1
DA:4,1
DA:5,1
DA:6,1
DA:7,1
DA:8,1
DA:9,1
DA:10,1
DA:11,1
DA:12,1
DA:13,1
DA:14,1
DA:15,1
DA:16,1
DA:17,1
DA:18,1
DA:19,1
DA:20,1
DA:21,1
DA:23,1
DA:25,1
DA:26,5
DA:41,1
DA:42,1
DA:43,1
DA:44,1
DA:46,1
DA:47,1
DA:48,1
DA:49,1
DA:50,1
DA:51,1
DA:52,1
DA:54,1
DA:55,1
DA:56,1
DA:57,1
DA:58,1
DA:60,1
DA:61,1
DA:62,1
DA:63,1
DA:64,1
DA:66,1
DA:67,1
DA:68,1
DA:69,1
DA:70,1
LF:49
LH:49
BRF:0
BRH:0
end_of_record
TN:
SF:F:\Siddhartha\slack-automation\slack-erp-custom-integration-mvc\Slack.Automation\Promact.Erp.Web\app\taskmail\taskmail-list\taskmail-list.component.spec.js
FN:16,(anonymous_1)
FN:18,(anonymous_2)
FN:19,MockMd2Select
FN:23,(anonymous_4)
FN:38,(anonymous_5)
FN:43,(anonymous_6)
FNF:6
FNH:5
FNDA:1,(anonymous_1)
FNDA:1,(anonymous_2)
FNDA:0,MockMd2Select
FNDA:2,(anonymous_4)
FNDA:1,(anonymous_5)
FNDA:1,(anonymous_6)
DA:2,1
DA:3,1
DA:4,1
DA:5,1
DA:6,1
DA:7,1
DA:8,1
DA:9,1
DA:10,1
DA:11,1
DA:12,1
DA:13,1
DA:14,1
DA:15,1
DA:16,1
DA:17,1
DA:18,1
DA:19,1
DA:21,1
DA:23,1
DA:24,2
DA:38,1
DA:39,1
DA:40,1
DA:41,1
DA:43,1
DA:44,1
DA:45,1
DA:46,1
DA:47,1
LF:30
LH:30
BRF:0
BRH:0
end_of_record
TN:
SF:F:\Siddhartha\slack-automation\slack-erp-custom-integration-mvc\Slack.Automation\Promact.Erp.Web\app\app.component.spec.js
FN:12,(anonymous_1)
FN:13,(anonymous_2)
FN:14,MockRouter
FN:18,(anonymous_4)
FN:19,MockLoaderService
FN:24,(anonymous_6)
FN:36,(anonymous_7)
FN:36,(anonymous_8)
FN:37,(anonymous_9)
FNF:9
FNH:5
FNDA:1,(anonymous_1)
FNDA:1,(anonymous_2)
FNDA:0,MockRouter
FNDA:1,(anonymous_4)
FNDA:0,MockLoaderService
FNDA:1,(anonymous_6)
FNDA:1,(anonymous_7)
FNDA:0,(anonymous_8)
FNDA:0,(anonymous_9)
DA:2,1
DA:3,1
DA:4,1
DA:5,1
DA:6,1
DA:7,1
DA:8,1
DA:9,1
DA:10,1
DA:11,1
DA:12,1
DA:13,1
DA:14,1
DA:16,1
DA:18,1
DA:19,1
DA:21,1
DA:23,1
DA:24,1
DA:25,1
DA:36,1
DA:37,0
DA:38,0
DA:39,0
DA:40,0
DA:41,0
DA:42,0
LF:27
LH:21
BRF:0
BRH:0
end_of_record
TN:
SF:F:\Siddhartha\slack-automation\slack-erp-custom-integration-mvc\Slack.Automation\Promact.Erp.Web\app\shared\MailSetting\mailsetting.component.spec.js
FN:14,(anonymous_1)
FN:15,(anonymous_2)
FN:16,MockRouter
FN:20,(anonymous_4)
FN:21,MockLoaderService
FN:25,(anonymous_6)
FN:26,MockMd2Select
FN:31,(anonymous_8)
FN:44,(anonymous_9)
FN:44,(anonymous_10)
FN:45,(anonymous_11)
FN:53,(anonymous_12)
FN:53,(anonymous_13)
FN:54,(anonymous_14)
FN:64,(anonymous_15)
FN:64,(anonymous_16)
FN:65,(anonymous_17)
FN:75,(anonymous_18)
FN:75,(anonymous_19)
FN:76,(anonymous_20)
FN:86,(anonymous_21)
FN:86,(anonymous_22)
FN:87,(anonymous_23)
FN:97,(anonymous_24)
FN:97,(anonymous_25)
FN:98,(anonymous_26)
FN:109,(anonymous_27)
FN:109,(anonymous_28)
FN:110,(anonymous_29)
FNF:29
FNH:12
FNDA:1,(anonymous_1)
FNDA:1,(anonymous_2)
FNDA:0,MockRouter
FNDA:1,(anonymous_4)
FNDA:0,MockLoaderService
FNDA:1,(anonymous_6)
FNDA:0,MockMd2Select
FNDA:7,(anonymous_8)
FNDA:1,(anonymous_9)
FNDA:0,(anonymous_10)
FNDA:0,(anonymous_11)
FNDA:1,(anonymous_12)
FNDA:0,(anonymous_13)
FNDA:0,(anonymous_14)
FNDA:1,(anonymous_15)
FNDA:0,(anonymous_16)
FNDA:0,(anonymous_17)
FNDA:1,(anonymous_18)
FNDA:0,(anonymous_19)
FNDA:0,(anonymous_20)
FNDA:1,(anonymous_21)
FNDA:0,(anonymous_22)
FNDA:0,(anonymous_23)
FNDA:1,(anonymous_24)
FNDA:0,(anonymous_25)
FNDA:0,(anonymous_26)
FNDA:1,(anonymous_27)
FNDA:0,(anonymous_28)
FNDA:0,(anonymous_29)
DA:2,1
DA:3,1
DA:4,1
DA:5,1
DA:6,1
DA:7,1
DA:8,1
DA:9,1
DA:10,1
DA:11,1
DA:12,1
DA:13,1
DA:14,1
DA:15,1
DA:16,1
DA:18,1
DA:20,1
DA:21,1
DA:23,1
DA:25,1
DA:26,1
DA:28,1
DA:30,1
DA:31,1
DA:32,7
DA:44,1
DA:45,0
DA:46,0
DA:47,0
DA:48,0
DA:49,0
DA:50,0
DA:53,1
DA:54,0
DA:55,0
DA:56,0
DA:57,0
DA:58,0
DA:59,0
DA:60,0
DA:61,0
DA:64,1
DA:65,0
DA:66,0
DA:67,0
DA:68,0
DA:69,0
DA:70,0
DA:71,0
DA:72,0
DA:75,1
DA:76,0
DA:77,0
DA:78,0
DA:79,0
DA:80,0
DA:81,0
DA:82,0
DA:83,0
DA:86,1
DA:87,0
DA:88,0
DA:89,0
DA:90,0
DA:91,0
DA:92,0
DA:93,0
DA:94,0
DA:97,1
DA:98,0
DA:99,0
DA:100,0
DA:101,0
DA:102,0
DA:103,0
DA:104,0
DA:105,0
DA:106,0
DA:109,1
DA:110,0
DA:111,0
DA:112,0
DA:113,0
DA:114,0
DA:115,0
DA:116,0
DA:117,0
LF:87
LH:32
BRF:0
BRH:0
end_of_record
